$ pnpm build
started: 2026-07-17T08:34:26.996Z  durationMs: 3423  exit: 0


> reputation-key@ build /Users/bozhidardenev/kodes/projects/rep-key
> vite build

vite v8.1.4 building client environment for production...
[2Ktransforming...✓ 3262 modules transformed.
rendering chunks...
computing gzip size...
.output/public/assets/styles-C_OM0rNV.css                     124.07 kB │ gzip:  19.88 kB
.output/public/assets/root-DLTE-HSj.js                          0.03 kB │ gzip:   0.05 kB
.output/public/assets/_portalSlug-BMTn_Kix.js                   0.07 kB │ gzip:   0.09 kB
.output/public/assets/roles-Cpj532dt.js                         0.09 kB │ gzip:   0.11 kB
.output/public/assets/check-DgZYV6US.js                         0.12 kB │ gzip:   0.14 kB
.output/public/assets/useRouteContext-AR_eBW4p.js               0.13 kB │ gzip:   0.12 kB
.output/public/assets/loader-circle-D8MZVpK7.js                 0.14 kB │ gzip:   0.15 kB
.output/public/assets/plus-Drt3pIgM.js                          0.15 kB │ gzip:   0.15 kB
.output/public/assets/x-8m-JUSR6.js                             0.15 kB │ gzip:   0.15 kB
.output/public/assets/arrow-left-DgZzqPJP.js                    0.16 kB │ gzip:   0.16 kB
.output/public/assets/arrow-right-CBizEA4b.js                   0.16 kB │ gzip:   0.16 kB
.output/public/assets/clock-D6rk_hQ2.js                         0.16 kB │ gzip:   0.16 kB
.output/public/assets/status-SOxnqXvV.js                        0.17 kB │ gzip:   0.15 kB
.output/public/assets/circle-check-MS0boZcx.js                  0.17 kB │ gzip:   0.16 kB
.output/public/assets/matchContext-2aSEteD4.js                  0.18 kB │ gzip:   0.15 kB
.output/public/assets/circle-x-CqFv7V5h.js                      0.20 kB │ gzip:   0.17 kB
.output/public/assets/useSearch-haLM8POI.js                     0.21 kB │ gzip:   0.16 kB
.output/public/assets/target-CFtFfslJ.js                        0.22 kB │ gzip:   0.16 kB
.output/public/assets/message-square-BTrhIzez.js                0.23 kB │ gzip:   0.20 kB
.output/public/assets/globe-_Eroc1kU.js                         0.24 kB │ gzip:   0.19 kB
.output/public/assets/circle-alert-TigITA7L.js                  0.25 kB │ gzip:   0.18 kB
.output/public/assets/chart-column-Cq3JyxNp.js                  0.25 kB │ gzip:   0.19 kB
.output/public/assets/triangle-alert-BrBdLtZv.js                0.26 kB │ gzip:   0.21 kB
.output/public/assets/useNavigate-DMxKLW8G.js                   0.26 kB │ gzip:   0.22 kB
.output/public/assets/auth.functions-1sQsbso_.js                0.27 kB │ gzip:   0.22 kB
.output/public/assets/shield-Cv4u6f2k.js                        0.27 kB │ gzip:   0.22 kB
.output/public/assets/award-ILBRDb6_.js                         0.27 kB │ gzip:   0.22 kB
.output/public/assets/pencil-D2R5O3jN.js                        0.27 kB │ gzip:   0.22 kB
.output/public/assets/staff-goals-CN0QqoE0.js                   0.28 kB │ gzip:   0.24 kB
.output/public/assets/inbox-D-19o-vo.js                         0.28 kB │ gzip:   0.23 kB
.output/public/assets/plug-92H7GwW_.js                          0.28 kB │ gzip:   0.20 kB
.output/public/assets/dist-Db3Pap8x.js                          0.30 kB │ gzip:   0.21 kB
.output/public/assets/users-HyZvoabE.js                         0.30 kB │ gzip:   0.22 kB
.output/public/assets/user-plus-DToXlFxG.js                     0.31 kB │ gzip:   0.23 kB
.output/public/assets/refresh-cw-BLuJx-_n.js                    0.32 kB │ gzip:   0.22 kB
.output/public/assets/trash-2-B8MO9iei.js                       0.32 kB │ gzip:   0.21 kB
.output/public/assets/goals-BUHoSWzR.js                         0.33 kB │ gzip:   0.26 kB
.output/public/assets/dashboard-DHxj0eOl.js                     0.36 kB │ gzip:   0.28 kB
.output/public/assets/gbp-import-oQmqGF7s.js                    0.37 kB │ gzip:   0.26 kB
.output/public/assets/building-2-CiHfYFwu.js                    0.38 kB │ gzip:   0.24 kB
.output/public/assets/skeleton-H9iqH8xc.js                      0.38 kB │ gzip:   0.29 kB
.output/public/assets/usePermissions-TxNNRj5R.js                0.39 kB │ gzip:   0.26 kB
.output/public/assets/dist-BKf2aXJB.js                          0.41 kB │ gzip:   0.29 kB
.output/public/assets/layers-NyGvaVTy.js                        0.42 kB │ gzip:   0.24 kB
.output/public/assets/staff-empty-state-vHLc59xM.js             0.42 kB │ gzip:   0.32 kB
.output/public/assets/dashboard.dto-Do3CuPTq.js                 0.42 kB │ gzip:   0.24 kB
.output/public/assets/useServerFn-BxvpysaY.js                   0.44 kB │ gzip:   0.30 kB
.output/public/assets/_teamId-CKbsKLlf.js                       0.46 kB │ gzip:   0.26 kB
.output/public/assets/settings-BTe9my-S.js                      0.46 kB │ gzip:   0.31 kB
.output/public/assets/QueryClientProvider-DjF0_Iz3.js           0.46 kB │ gzip:   0.31 kB
.output/public/assets/star-CVTx_Rfr.js                          0.47 kB │ gzip:   0.29 kB
.output/public/assets/page-shell-Dj6lVqFw.js                    0.47 kB │ gzip:   0.35 kB
.output/public/assets/auth-settings-CzVFt8hw.js                 0.48 kB │ gzip:   0.31 kB
.output/public/assets/settings-x6hBw2yt.js                      0.48 kB │ gzip:   0.26 kB
.output/public/assets/monitor-Isp4ljoh.js                       0.49 kB │ gzip:   0.33 kB
.output/public/assets/badges-7q-eNR31.js                        0.50 kB │ gzip:   0.33 kB
.output/public/assets/palette-RwukXqth.js                       0.51 kB │ gzip:   0.27 kB
.output/public/assets/scan-line-DM08-CFV.js                     0.51 kB │ gzip:   0.31 kB
.output/public/assets/useRouterState-D1qmqAUL.js                0.53 kB │ gzip:   0.33 kB
.output/public/assets/-inbox-fns-BIyLE4bs.js                    0.56 kB │ gzip:   0.37 kB
.output/public/assets/google-connections-tbGHjBXi.js            0.58 kB │ gzip:   0.36 kB
.output/public/assets/permissions-DKW0-9AL.js                   0.58 kB │ gzip:   0.36 kB
.output/public/assets/dist-CbVeoHXX.js                          0.59 kB │ gzip:   0.38 kB
.output/public/assets/metric-keys-BgvsFskD.js                   0.60 kB │ gzip:   0.21 kB
.output/public/assets/sun-DDr2U8QB.js                           0.63 kB │ gzip:   0.34 kB
.output/public/assets/dist-DZVwoU9F.js                          0.64 kB │ gzip:   0.39 kB
.output/public/assets/use-action-DXW8nUSK.js                    0.67 kB │ gzip:   0.37 kB
.output/public/assets/rolldown-runtime-QTnfLwEv.js              0.69 kB │ gzip:   0.42 kB
.output/public/assets/preferences-BHB3H8Ct.js                   0.69 kB │ gzip:   0.41 kB
.output/public/assets/inbox-swrSwbBB.js                         0.74 kB │ gzip:   0.46 kB
.output/public/assets/team-ByVJyPpG.js                          0.74 kB │ gzip:   0.45 kB
.output/public/assets/textarea-CTlu6uEr.js                      0.74 kB │ gzip:   0.48 kB
.output/public/assets/accept-invitation-DqNqxQTE.js             0.75 kB │ gzip:   0.47 kB
.output/public/assets/security-2S5pNMB8.js                      0.86 kB │ gzip:   0.49 kB
.output/public/assets/dashboard-2qA_ewBB.js                     0.87 kB │ gzip:   0.53 kB
.output/public/assets/members-BjpVVy62.js                       0.90 kB │ gzip:   0.51 kB
.output/public/assets/portals-DPR0q_u2.js                       0.90 kB │ gzip:   0.49 kB
.output/public/assets/clipboard-CWf3KvP2.js                     0.91 kB │ gzip:   0.55 kB
.output/public/assets/form-textarea-CG7ALzXj.js                 0.91 kB │ gzip:   0.48 kB
.output/public/assets/notifications-BMqiQodr.js                 0.91 kB │ gzip:   0.49 kB
.output/public/assets/_teamId-CjStMoNs.js                       0.93 kB │ gzip:   0.56 kB
.output/public/assets/label-R1muJkQZ.js                         0.94 kB │ gzip:   0.59 kB
.output/public/assets/empty-state-Dl38rvoT.js                   0.94 kB │ gzip:   0.42 kB
.output/public/assets/reviews-Cei5kWjx.js                       0.95 kB │ gzip:   0.54 kB
.output/public/assets/route-queries-a6lM1_K3.js                 0.96 kB │ gzip:   0.55 kB
.output/public/assets/useMatch-Dcug2uqy.js                      0.99 kB │ gzip:   0.51 kB
.output/public/assets/redirect-Coy-z-9D.js                      1.00 kB │ gzip:   0.54 kB
.output/public/assets/qr-code-8uZ0ikQK.js                       1.01 kB │ gzip:   0.47 kB
.output/public/assets/portal-links-oZNaHZ9T.js                  1.02 kB │ gzip:   0.54 kB
.output/public/assets/progress-bar-jnFa-Lj9.js                  1.03 kB │ gzip:   0.54 kB
.output/public/assets/input-D2CM0NyD.js                         1.07 kB │ gzip:   0.61 kB
.output/public/assets/_propertyId-C7XcvY7N.js                   1.13 kB │ gzip:   0.61 kB
.output/public/assets/notifications-fT0ytsAy.js                 1.17 kB │ gzip:   0.62 kB
.output/public/assets/createLucideIcon-wRnI1RXw.js              1.24 kB │ gzip:   0.72 kB
.output/public/assets/profile-Uf4mtjH0.js                       1.27 kB │ gzip:   0.66 kB
.output/public/assets/metrics-BwWosZYw.js                       1.29 kB │ gzip:   0.67 kB
.output/public/assets/integrations-V6ds16qo.js                  1.34 kB │ gzip:   0.68 kB
.output/public/assets/lookups-CpwMlFPj.js                       1.38 kB │ gzip:   0.72 kB
.output/public/assets/people-CDOOyBXc.js                        1.39 kB │ gzip:   0.75 kB
.output/public/assets/_portalSlug-CIVMZsLX.js                   1.41 kB │ gzip:   0.79 kB
.output/public/assets/page-states-CXPZW2vZ.js                   1.41 kB │ gzip:   0.63 kB
.output/public/assets/card-CpkFKY-Z.js                          1.41 kB │ gzip:   0.58 kB
.output/public/assets/inbox-Dowm8zuK.js                         1.42 kB │ gzip:   0.74 kB
.output/public/assets/dist-BytDq2pG.js                          1.42 kB │ gzip:   0.71 kB
.output/public/assets/register-LME2eirY.js                      1.43 kB │ gzip:   0.67 kB
.output/public/assets/_importId-BMwp6LnR.js                     1.45 kB │ gzip:   0.71 kB
.output/public/assets/login-CAkugW3L.js                         1.46 kB │ gzip:   0.75 kB
.output/public/assets/public-api-Cq-8jpHW.js                    1.47 kB │ gzip:   0.76 kB
.output/public/assets/new-DzeZBDR0.js                           1.50 kB │ gzip:   0.75 kB
.output/public/assets/join-C3lOgOk3.js                          1.53 kB │ gzip:   0.74 kB
.output/public/assets/reset-password-CKqvKLFJ.js                1.56 kB │ gzip:   0.76 kB
.output/public/assets/badge-CGOIzdAt.js                         1.59 kB │ gzip:   0.78 kB
.output/public/assets/recognition-BoEZ31LJ.js                   1.60 kB │ gzip:   0.78 kB
.output/public/assets/query-keys-BfiyqPIC.js                    1.85 kB │ gzip:   0.65 kB
.output/public/assets/table-CzadI82N.js                         1.88 kB │ gzip:   0.68 kB
.output/public/assets/dist-eQr_4vZN.js                          2.02 kB │ gzip:   0.93 kB
.output/public/assets/button-CgziCCd_.js                        2.08 kB │ gzip:   0.94 kB
.output/public/assets/dist-llRhAkKG.js                          2.14 kB │ gzip:   0.95 kB
.output/public/assets/goal.dto-DbCfAkMF.js                      2.19 kB │ gzip:   0.97 kB
.output/public/assets/preload-helper-CXXuA2XA.js                2.20 kB │ gzip:   1.17 kB
.output/public/assets/import-C8IzqJLJ.js                        2.38 kB │ gzip:   1.04 kB
.output/public/assets/organizations-l85lLsik.js                 2.44 kB │ gzip:   1.13 kB
.output/public/assets/routes-vxW7vYXt.js                        2.61 kB │ gzip:   1.04 kB
.output/public/assets/field-BvFhokD9.js                         2.90 kB │ gzip:   1.09 kB
.output/public/assets/dist-Dk416fks.js                          3.02 kB │ gzip:   1.40 kB
.output/public/assets/_teamId-Cw7_3J9A.js                       3.02 kB │ gzip:   1.22 kB
.output/public/assets/switch-DAQ_j6PK.js                        3.21 kB │ gzip:   1.53 kB
.output/public/assets/_portalId-C2UlgCt9.js                     3.30 kB │ gzip:   1.39 kB
.output/public/assets/dist-CAY9wMtn.js                          3.66 kB │ gzip:   1.62 kB
.output/public/assets/members-BVIQEsZ9.js                       3.68 kB │ gzip:   1.38 kB
.output/public/assets/dialog-D47S3GYh.js                        3.72 kB │ gzip:   1.19 kB
.output/public/assets/progress-hGYjCTfd.js                      3.85 kB │ gzip:   1.32 kB
.output/public/assets/page-header-CUPx6uT8.js                   4.03 kB │ gzip:   1.22 kB
.output/public/assets/property-dashboard-helpers-B5mivFT2.js    4.09 kB │ gzip:   1.28 kB
.output/public/assets/route-DltAFAIH.js                         4.45 kB │ gzip:   1.33 kB
.output/public/assets/checkbox-C01FBvLW.js                      4.64 kB │ gzip:   1.98 kB
.output/public/assets/dist-B5APgtSZ.js                          5.38 kB │ gzip:   2.06 kB
.output/public/assets/properties-DIdE6VTm.js                    5.38 kB │ gzip:   1.62 kB
.output/public/assets/tabs-DluE9yT8.js                          5.63 kB │ gzip:   2.01 kB
.output/public/assets/popover-DVb-ZFsb.js                       6.05 kB │ gzip:   2.17 kB
.output/public/assets/use-action-mutation-ClHJetuz.js           6.16 kB │ gzip:   2.07 kB
.output/public/assets/link-nWqhAzH5.js                          6.57 kB │ gzip:   2.69 kB
.output/public/assets/alert-dialog-Bd9Asylj.js                  7.22 kB │ gzip:   2.24 kB
.output/public/assets/helpers-D3LQXMue.js                       7.45 kB │ gzip:   2.82 kB
.output/public/assets/removable-CJTBKqAd.js                     7.98 kB │ gzip:   3.12 kB
.output/public/assets/portals-Bp6Aj393.js                       8.21 kB │ gzip:   2.23 kB
.output/public/assets/leaderboard-CiQY4PFj.js                   9.07 kB │ gzip:   2.34 kB
.output/public/assets/guest-C9P4sUaj.js                         9.29 kB │ gzip:   2.66 kB
.output/public/assets/image-upload-field-Bzx1Y_mD.js           10.45 kB │ gzip:   2.97 kB
.output/public/assets/home-CG1lr2Uz.js                         10.51 kB │ gzip:   2.64 kB
.output/public/assets/jsx-dev-runtime-DPgaLNUL.js              10.58 kB │ gzip:   2.39 kB
.output/public/assets/_propertyId-oSzhv-gW.js                  10.88 kB │ gzip:   2.86 kB
.output/public/assets/settings-DFnT9uR7.js                     12.34 kB │ gzip:   2.94 kB
.output/public/assets/tooltip-VRFio0G8.js                      12.45 kB │ gzip:   4.08 kB
.output/public/assets/_goalId-DWv1tQOS.js                      13.13 kB │ gzip:   3.22 kB
.output/public/assets/organization-Dm5xlJxi.js                 13.98 kB │ gzip:   3.86 kB
.output/public/assets/goals-CBpuxaD2.js                        14.56 kB │ gzip:   3.80 kB
.output/public/assets/sidebar-Bj3B0OoS.js                      14.90 kB │ gzip:   4.45 kB
.output/public/assets/integration-Ccms3apc.js                  15.08 kB │ gzip:   3.73 kB
.output/public/assets/queryOptions-C88VATzA.js                 17.79 kB │ gzip:   6.13 kB
.output/public/assets/useStore-C97Fm6HC.js                     18.37 kB │ gzip:   6.63 kB
.output/public/assets/es2015-ClnrNpf1.js                       20.10 kB │ gzip:   7.29 kB
.output/public/assets/select-Dyvopwm0.js                       23.20 kB │ gzip:   7.68 kB
.output/public/assets/_authenticated-DBRnbsFY.js               26.10 kB │ gzip:   5.68 kB
.output/public/assets/dist-BEgkVNtV.js                         26.63 kB │ gzip:  10.30 kB
.output/public/assets/utils-9XG4ZMZm.js                        26.94 kB │ gzip:   8.60 kB
.output/public/assets/new-kgZA7I7r.js                          28.71 kB │ gzip:   7.41 kB
.output/public/assets/dist-DKJeIQsk.js                         32.58 kB │ gzip:   9.14 kB
.output/public/assets/createServerFn-CPhoCgRm.js               35.65 kB │ gzip:  11.62 kB
.output/public/assets/identity-Dc5punVs.js                     36.44 kB │ gzip:   7.20 kB
.output/public/assets/_authenticated-CFGRoaZP.js               40.70 kB │ gzip:  12.17 kB
.output/public/assets/vendor-dnd-CoYvIHro.js                   44.31 kB │ gzip:  14.53 kB
.output/public/assets/form-text-field-DbuHek54.js              66.97 kB │ gzip:  16.82 kB
.output/public/assets/schemas-BOzKo5v6.js                      67.02 kB │ gzip:  17.92 kB
.output/public/assets/inbox-page-v2-DXxE-Cts.js               101.82 kB │ gzip:  26.28 kB
.output/public/assets/portal-wCp2k5kV.js                      123.01 kB │ gzip:  33.52 kB
.output/public/assets/vendor-charts-DBV27dF9.js               420.47 kB │ gzip: 124.16 kB
.output/public/assets/index-kFp9AMG_.js                       578.24 kB │ gzip: 170.58 kB

✓ built in 1.11s
vite v8.1.4 building ssr environment for production...
[2Ktransforming...✓ 1680 modules transformed.
rendering chunks...
computing gzip size...
node_modules/.nitro/vite/services/ssr/assets/styles-C_OM0rNV.css                           124.07 kB │ gzip:  19.88 kB
node_modules/.nitro/vite/services/ssr/assets/kysely-adapter-BVV4ZOl8.js                      0.13 kB │ gzip:   0.10 kB
node_modules/.nitro/vite/services/ssr/assets/utils-C_uf36nf.js                               0.18 kB │ gzip:   0.15 kB
node_modules/.nitro/vite/services/ssr/assets/_portalSlug-BAPFdS0y.js                         0.26 kB │ gzip:   0.17 kB
node_modules/.nitro/vite/services/ssr/assets/empty-plugin-adapters-Dm5oI3Gf.js               0.30 kB │ gzip:   0.20 kB
node_modules/.nitro/vite/services/ssr/assets/errors-Bq--YW6Y.js                              0.31 kB │ gzip:   0.21 kB
node_modules/.nitro/vite/services/ssr/assets/profile-LTxhbLXc.js                             0.38 kB │ gzip:   0.23 kB
node_modules/.nitro/vite/services/ssr/assets/types-0k5KYs26.js                               0.40 kB │ gzip:   0.25 kB
node_modules/.nitro/vite/services/ssr/assets/import-C-RlxzKK.js                              0.45 kB │ gzip:   0.27 kB
node_modules/.nitro/vite/services/ssr/assets/integrations-BVeJP0pz.js                        0.46 kB │ gzip:   0.27 kB
node_modules/.nitro/vite/services/ssr/assets/pii-Bfd-PnXz.js                                 0.46 kB │ gzip:   0.32 kB
node_modules/.nitro/vite/services/ssr/assets/notifications-C6UPrs-y.js                       0.47 kB │ gzip:   0.27 kB
node_modules/.nitro/vite/services/ssr/assets/recognition-yyNCHYMp.js                         0.47 kB │ gzip:   0.28 kB
node_modules/.nitro/vite/services/ssr/assets/join-BUpX54P8.js                                0.49 kB │ gzip:   0.31 kB
node_modules/.nitro/vite/services/ssr/assets/login-DAJWmYO1.js                               0.49 kB │ gzip:   0.31 kB
node_modules/.nitro/vite/services/ssr/assets/staff-shared-BzIXN4dK.js                        0.50 kB │ gzip:   0.30 kB
node_modules/.nitro/vite/services/ssr/assets/organizations.errors.server-Bw3Z9NIe.js         0.53 kB │ gzip:   0.30 kB
node_modules/.nitro/vite/services/ssr/assets/staff-goals-C1jcKzbd.js                         0.53 kB │ gzip:   0.34 kB
node_modules/.nitro/vite/services/ssr/assets/goals-Db5qIrqw.js                               0.53 kB │ gzip:   0.32 kB
node_modules/.nitro/vite/services/ssr/assets/skeleton-BZaKR9K1.js                            0.55 kB │ gzip:   0.36 kB
node_modules/.nitro/vite/services/ssr/assets/types-Bps_6XkA.js                               0.56 kB │ gzip:   0.30 kB
node_modules/.nitro/vite/services/ssr/assets/dashboard-BfcVQ77t.js                           0.59 kB │ gzip:   0.35 kB
node_modules/.nitro/vite/services/ssr/assets/auth-context-BQZQHCWn.js                        0.60 kB │ gzip:   0.35 kB
node_modules/.nitro/vite/services/ssr/assets/createSsrRpc-DfedBAzf.js                        0.60 kB │ gzip:   0.37 kB
node_modules/.nitro/vite/services/ssr/assets/metrics-VhDn9cC9.js                             0.61 kB │ gzip:   0.36 kB
node_modules/.nitro/vite/services/ssr/assets/property-shared-B-moBbVV.js                     0.61 kB │ gzip:   0.32 kB
node_modules/.nitro/vite/services/ssr/assets/new-BNvQEUjA.js                                 0.61 kB │ gzip:   0.36 kB
node_modules/.nitro/vite/services/ssr/assets/staff-empty-state-BCsZEjmQ.js                   0.62 kB │ gzip:   0.38 kB
node_modules/.nitro/vite/services/ssr/assets/auth.functions-DetoRf9d.js                      0.66 kB │ gzip:   0.40 kB
node_modules/.nitro/vite/services/ssr/assets/usePermissions-DxcqEqNf.js                      0.67 kB │ gzip:   0.36 kB
node_modules/.nitro/vite/services/ssr/assets/badge.dto-mBhzTb-a.js                           0.68 kB │ gzip:   0.33 kB
node_modules/.nitro/vite/services/ssr/assets/organizations.shared-CPwJ-2WO.js                0.68 kB │ gzip:   0.39 kB
node_modules/.nitro/vite/services/ssr/assets/update-portal-group.dto-DIioHFZU.js             0.68 kB │ gzip:   0.28 kB
node_modules/.nitro/vite/services/ssr/assets/string-6fIunP1r.js                              0.69 kB │ gzip:   0.42 kB
node_modules/.nitro/vite/services/ssr/assets/inbox-Dklrra_g.js                               0.70 kB │ gzip:   0.41 kB
node_modules/.nitro/vite/services/ssr/assets/settings-oPQDnBTY.js                            0.72 kB │ gzip:   0.40 kB
node_modules/.nitro/vite/services/ssr/assets/error-helpers-2nBBh_wU.js                       0.74 kB │ gzip:   0.40 kB
node_modules/.nitro/vite/services/ssr/assets/portal-link-category.dto-BYKBhYwW.js            0.74 kB │ gzip:   0.31 kB
node_modules/.nitro/vite/services/ssr/assets/status-oEiBvyMd.js                              0.76 kB │ gzip:   0.47 kB
node_modules/.nitro/vite/services/ssr/assets/label-DnvnFm4b.js                               0.77 kB │ gzip:   0.47 kB
node_modules/.nitro/vite/services/ssr/assets/useServerFn-DZVfaRhs.js                         0.77 kB │ gzip:   0.44 kB
node_modules/.nitro/vite/services/ssr/assets/clipboard-v6BN3eSH.js                           0.78 kB │ gzip:   0.38 kB
node_modules/.nitro/vite/services/ssr/assets/domain-BF4wfJA7.js                              0.80 kB │ gzip:   0.48 kB
node_modules/.nitro/vite/services/ssr/assets/organization-DLqPlIMF.js                        0.82 kB │ gzip:   0.34 kB
node_modules/.nitro/vite/services/ssr/assets/reviews-DXzBa_-a.js                             0.83 kB │ gzip:   0.45 kB
node_modules/.nitro/vite/services/ssr/assets/dashboard.dto-C8BQvc9n.js                       0.83 kB │ gzip:   0.37 kB
node_modules/.nitro/vite/services/ssr/assets/textarea-Ba5Ms2Dt.js                            0.87 kB │ gzip:   0.52 kB
node_modules/.nitro/vite/services/ssr/assets/update-connection-visibility.dto-BROYQjCV.js    0.87 kB │ gzip:   0.32 kB
node_modules/.nitro/vite/services/ssr/assets/staff-assignment.dto-SHWDqNVu.js                0.89 kB │ gzip:   0.30 kB
node_modules/.nitro/vite/services/ssr/assets/leaderboard.dto-CRrHSpl1.js                     0.90 kB │ gzip:   0.38 kB
node_modules/.nitro/vite/services/ssr/assets/_teamId-Cn18uhyM.js                             0.93 kB │ gzip:   0.41 kB
node_modules/.nitro/vite/services/ssr/assets/update-team.dto-B7_NKBDu.js                     0.93 kB │ gzip:   0.34 kB
node_modules/.nitro/vite/services/ssr/assets/dashboard-B73ln-6c.js                           0.95 kB │ gzip:   0.52 kB
node_modules/.nitro/vite/services/ssr/assets/_propertyId-DnFNrBj8.js                         0.97 kB │ gzip:   0.51 kB
node_modules/.nitro/vite/services/ssr/assets/gbp-import-DyJH1KYK.js                          0.98 kB │ gzip:   0.47 kB
node_modules/.nitro/vite/services/ssr/assets/portal-link.dto-4H_8Rw3r.js                     0.99 kB │ gzip:   0.35 kB
node_modules/.nitro/vite/services/ssr/assets/start-CCxGr7S9.js                               1.01 kB │ gzip:   0.45 kB
node_modules/.nitro/vite/services/ssr/assets/_importId-CMIlQJfJ.js                           1.01 kB │ gzip:   0.47 kB
node_modules/.nitro/vite/services/ssr/assets/import-status.dto-DIOpn1SX.js                   1.02 kB │ gzip:   0.38 kB
node_modules/.nitro/vite/services/ssr/assets/page-shell-CGtUk9Do.js                          1.04 kB │ gzip:   0.65 kB
node_modules/.nitro/vite/services/ssr/assets/team-B1DXUqAu.js                                1.07 kB │ gzip:   0.53 kB
node_modules/.nitro/vite/services/ssr/assets/preferences-CXM4VSbt.js                         1.09 kB │ gzip:   0.50 kB
node_modules/.nitro/vite/services/ssr/assets/kysely-migration-tables-JkVUjPF_-C548Smk5.js    1.11 kB │ gzip:   0.61 kB
node_modules/.nitro/vite/services/ssr/assets/input-yJtH5sxJ.js                               1.16 kB │ gzip:   0.63 kB
node_modules/.nitro/vite/services/ssr/assets/_goalId-DUQWgdys.js                             1.19 kB │ gzip:   0.56 kB
node_modules/.nitro/vite/services/ssr/assets/inbox-DfBw5_r2.js                               1.19 kB │ gzip:   0.59 kB
node_modules/.nitro/vite/services/ssr/assets/progress-CZZVW_cu.js                            1.23 kB │ gzip:   0.58 kB
node_modules/.nitro/vite/services/ssr/assets/update-property.dto-CZRgJuuH.js                 1.26 kB │ gzip:   0.49 kB
node_modules/.nitro/vite/services/ssr/assets/goals-BERBtI6A.js                               1.27 kB │ gzip:   0.56 kB
node_modules/.nitro/vite/services/ssr/assets/badges-C5eoh9Kx.js                              1.28 kB │ gzip:   0.54 kB
node_modules/.nitro/vite/services/ssr/assets/portals-Bl4d69Z0.js                             1.29 kB │ gzip:   0.58 kB
node_modules/.nitro/vite/services/ssr/assets/accept-invitation-BPTD1Bj9.js                   1.32 kB │ gzip:   0.61 kB
node_modules/.nitro/vite/services/ssr/assets/security-Bn-VsNhr.js                            1.34 kB │ gzip:   0.60 kB
node_modules/.nitro/vite/services/ssr/assets/empty-state-CD-4pUpz.js                         1.38 kB │ gzip:   0.53 kB
node_modules/.nitro/vite/services/ssr/assets/reply-read-CHK8mIPm.js                          1.41 kB │ gzip:   0.69 kB
node_modules/.nitro/vite/services/ssr/assets/accept-invitation-D4Kj7nM_.js                   1.41 kB │ gzip:   0.65 kB
node_modules/.nitro/vite/services/ssr/assets/update-portal.dto-B4ln5kas.js                   1.44 kB │ gzip:   0.47 kB
node_modules/.nitro/vite/services/ssr/assets/dashboard-Df28PSgR.js                           1.45 kB │ gzip:   0.62 kB
node_modules/.nitro/vite/services/ssr/assets/google-connections-CtEPspKO.js                  1.46 kB │ gzip:   0.67 kB
node_modules/.nitro/vite/services/ssr/assets/auth-settings.helpers-FYo316BK.js               1.47 kB │ gzip:   0.60 kB
node_modules/.nitro/vite/services/ssr/assets/_teamId-C7J9bKW4.js                             1.51 kB │ gzip:   0.73 kB
node_modules/.nitro/vite/services/ssr/assets/google-auth-url-B_FwIoqF.js                     1.51 kB │ gzip:   0.71 kB
node_modules/.nitro/vite/services/ssr/assets/staff-goals-CLjhbh8_.js                         1.54 kB │ gzip:   0.72 kB
node_modules/.nitro/vite/services/ssr/assets/checkbox-BJWqiCOY.js                            1.55 kB │ gzip:   0.70 kB
node_modules/.nitro/vite/services/ssr/assets/staff-portals-BxNXTkqN.js                       1.56 kB │ gzip:   0.73 kB
node_modules/.nitro/vite/services/ssr/assets/reviews-BVmu71T-.js                             1.58 kB │ gzip:   0.70 kB
node_modules/.nitro/vite/services/ssr/assets/traced-server-fn-Oz203UPC.js                    1.58 kB │ gzip:   0.79 kB
node_modules/.nitro/vite/services/ssr/assets/switch-B_Z4lIAR.js                              1.60 kB │ gzip:   0.74 kB
node_modules/.nitro/vite/services/ssr/assets/form-textarea-CiRATftO.js                       1.61 kB │ gzip:   0.71 kB
node_modules/.nitro/vite/services/ssr/assets/members-xPucnkeg.js                             1.65 kB │ gzip:   0.69 kB
node_modules/.nitro/vite/services/ssr/assets/staff-recent-activity-Br9_t9i7.js               1.65 kB │ gzip:   0.74 kB
node_modules/.nitro/vite/services/ssr/assets/update-organization-BJ7RrZwV.js                 1.68 kB │ gzip:   0.60 kB
node_modules/.nitro/vite/services/ssr/assets/_propertyId-Cqx095Ub.js                         1.70 kB │ gzip:   0.73 kB
node_modules/.nitro/vite/services/ssr/assets/auth-settings-BW6zcnFA.js                       1.72 kB │ gzip:   0.76 kB
node_modules/.nitro/vite/services/ssr/assets/members-CAQ_6iPS.js                             1.73 kB │ gzip:   0.73 kB
node_modules/.nitro/vite/services/ssr/assets/progress-bar-BY2kcROX.js                        1.75 kB │ gzip:   0.70 kB
node_modules/.nitro/vite/services/ssr/assets/auth-settings.org-CiXsr1vR.js                   1.75 kB │ gzip:   0.79 kB
node_modules/.nitro/vite/services/ssr/assets/popover-B3Jx08Gp.js                             1.76 kB │ gzip:   0.67 kB
node_modules/.nitro/vite/services/ssr/assets/badge-C_u102UO.js                               1.79 kB │ gzip:   0.84 kB
node_modules/.nitro/vite/services/ssr/assets/-inbox-fns-DBvNRJGF.js                          1.81 kB │ gzip:   0.76 kB
node_modules/.nitro/vite/services/ssr/assets/metric-keys-DtEreG58.js                         1.83 kB │ gzip:   0.74 kB
node_modules/.nitro/vite/services/ssr/assets/use-action-jEOPgTrQ.js                          1.87 kB │ gzip:   0.83 kB
node_modules/.nitro/vite/services/ssr/assets/notifications-euWTAvNs.js                       1.91 kB │ gzip:   0.77 kB
node_modules/.nitro/vite/services/ssr/assets/card-DjaJyLAY.js                                1.91 kB │ gzip:   0.62 kB
node_modules/.nitro/vite/services/ssr/assets/use-action-mutation-EHuyFNG-.js                 1.94 kB │ gzip:   0.93 kB
node_modules/.nitro/vite/services/ssr/assets/metrics-C2LjzCXD.js                             1.97 kB │ gzip:   0.84 kB
node_modules/.nitro/vite/services/ssr/assets/staff-portals-update-BaFENtvY.js                2.01 kB │ gzip:   0.88 kB
node_modules/.nitro/vite/services/ssr/assets/guest-session-D287F_Qb.js                       2.04 kB │ gzip:   0.99 kB
node_modules/.nitro/vite/services/ssr/assets/route-queries-3WePr4K_.js                       2.09 kB │ gzip:   0.87 kB
node_modules/.nitro/vite/services/ssr/assets/profile-j0SldIEQ.js                             2.11 kB │ gzip:   0.82 kB
node_modules/.nitro/vite/services/ssr/assets/auth.functions-B9HoLNG0.js                      2.12 kB │ gzip:   0.83 kB
node_modules/.nitro/vite/services/ssr/assets/public-api-DjP3iMvW.js                          2.12 kB │ gzip:   0.87 kB
node_modules/.nitro/vite/services/ssr/assets/sqlite-adapter-EMgr8Uqc.js                      2.12 kB │ gzip:   0.83 kB
node_modules/.nitro/vite/services/ssr/assets/organizations.update-q_XuU0S3.js                2.14 kB │ gzip:   0.84 kB
node_modules/.nitro/vite/services/ssr/assets/integrations-CEdH0N3w.js                        2.17 kB │ gzip:   0.85 kB
node_modules/.nitro/vite/services/ssr/assets/register-BuOlrk7d.js                            2.18 kB │ gzip:   0.85 kB
node_modules/.nitro/vite/services/ssr/assets/login-DjV9EV9C.js                               2.19 kB │ gzip:   0.93 kB
node_modules/.nitro/vite/services/ssr/assets/reply-read-CpMTjDiO.js                          2.20 kB │ gzip:   1.00 kB
node_modules/.nitro/vite/services/ssr/assets/goals-DPHzu380.js                               2.25 kB │ gzip:   0.92 kB
node_modules/.nitro/vite/services/ssr/assets/_portalId-BdxCB2jw.js                           2.26 kB │ gzip:   0.82 kB
node_modules/.nitro/vite/services/ssr/assets/join-BPQcHurZ.js                                2.28 kB │ gzip:   0.90 kB
node_modules/.nitro/vite/services/ssr/assets/_importId-DukXC7C0.js                           2.28 kB │ gzip:   0.87 kB
node_modules/.nitro/vite/services/ssr/assets/theme-toggle-CvahcncX.js                        2.28 kB │ gzip:   0.98 kB
node_modules/.nitro/vite/services/ssr/assets/_portalSlug-Din6dvvM.js                         2.31 kB │ gzip:   0.98 kB
node_modules/.nitro/vite/services/ssr/assets/reset-password-BgbYLins.js                      2.31 kB │ gzip:   0.95 kB
node_modules/.nitro/vite/services/ssr/assets/_teamId-BaudurWm.js                             2.34 kB │ gzip:   0.84 kB
node_modules/.nitro/vite/services/ssr/assets/button-DZ9K_bUe.js                              2.35 kB │ gzip:   1.00 kB
node_modules/.nitro/vite/services/ssr/assets/guest-scans-Bk8t5fHL.js                         2.35 kB │ gzip:   0.95 kB
node_modules/.nitro/vite/services/ssr/assets/new-CsNPHsZQ.js                                 2.37 kB │ gzip:   0.94 kB
node_modules/.nitro/vite/services/ssr/assets/invitation.dto-_qmDvh_U.js                      2.38 kB │ gzip:   0.73 kB
node_modules/.nitro/vite/services/ssr/assets/page-states-1_9ghcx_.js                         2.40 kB │ gzip:   0.89 kB
node_modules/.nitro/vite/services/ssr/assets/staff-dashboard-CBMbsOws.js                     2.41 kB │ gzip:   1.01 kB
node_modules/.nitro/vite/services/ssr/assets/portal-analytics-C62ZQZoH.js                    2.47 kB │ gzip:   1.05 kB
node_modules/.nitro/vite/services/ssr/assets/recognition-DmKwZPPQ.js                         2.48 kB │ gzip:   0.98 kB
node_modules/.nitro/vite/services/ssr/assets/inbox.dto-0-MQ1xly.js                           2.48 kB │ gzip:   0.85 kB
node_modules/.nitro/vite/services/ssr/assets/_portalSlug-DZaZnaE8.js                         2.49 kB │ gzip:   1.01 kB
node_modules/.nitro/vite/services/ssr/assets/permissions-CLo8oEI7.js                         2.49 kB │ gzip:   1.07 kB
node_modules/.nitro/vite/services/ssr/assets/table-CKcoVglM.js                               2.53 kB │ gzip:   0.75 kB
node_modules/.nitro/vite/services/ssr/assets/portal-links-CK2FgCWl.js                        2.53 kB │ gzip:   0.87 kB
node_modules/.nitro/vite/services/ssr/assets/fleet-overview-BxQfjL9I.js                      2.54 kB │ gzip:   1.05 kB
node_modules/.nitro/vite/services/ssr/assets/goal.dto-CSbHlmbc.js                            2.55 kB │ gzip:   0.84 kB
node_modules/.nitro/vite/services/ssr/assets/_propertyId-BnWfTr9J.js                         2.57 kB │ gzip:   0.99 kB
node_modules/.nitro/vite/services/ssr/assets/leaderboards-BF_9QIUu.js                        2.58 kB │ gzip:   0.83 kB
node_modules/.nitro/vite/services/ssr/assets/properties-B4CXtdm3.js                          2.59 kB │ gzip:   0.85 kB
node_modules/.nitro/vite/services/ssr/assets/notifications-Cebjwqwn.js                       2.62 kB │ gzip:   1.00 kB
node_modules/.nitro/vite/services/ssr/assets/inbox-item-queries-DiK5C8eJ.js                  2.64 kB │ gzip:   0.86 kB
node_modules/.nitro/vite/services/ssr/assets/people-BfyXltWz.js                              2.69 kB │ gzip:   0.96 kB
node_modules/.nitro/vite/services/ssr/assets/inbox-item-actions-eli1fYmz.js                  2.73 kB │ gzip:   0.91 kB
node_modules/.nitro/vite/services/ssr/assets/rules-CJiTZadF.js                               2.75 kB │ gzip:   1.36 kB
node_modules/.nitro/vite/services/ssr/assets/rules-D808-dVC.js                               2.85 kB │ gzip:   1.02 kB
node_modules/.nitro/vite/services/ssr/assets/dashboard-DeO2xwka.js                           2.86 kB │ gzip:   1.20 kB
node_modules/.nitro/vite/services/ssr/assets/attention-signals-BiYFejDV.js                   2.90 kB │ gzip:   1.18 kB
node_modules/.nitro/vite/services/ssr/assets/activity-DqgF40ck.js                            2.93 kB │ gzip:   1.00 kB
node_modules/.nitro/vite/services/ssr/assets/portals-CEEaqphb.js                             2.93 kB │ gzip:   1.11 kB
node_modules/.nitro/vite/services/ssr/assets/organizations.response-sla-Dk_-32x2.js          3.00 kB │ gzip:   1.10 kB
node_modules/.nitro/vite/services/ssr/assets/inbox-SBrcJij4.js                               3.12 kB │ gzip:   1.07 kB
node_modules/.nitro/vite/services/ssr/assets/roles-CZvb9pIw.js                               3.17 kB │ gzip:   1.47 kB
node_modules/.nitro/vite/services/ssr/assets/property-read-0WoGK2G7.js                       3.19 kB │ gzip:   0.95 kB
node_modules/.nitro/vite/services/ssr/assets/leaderboard-1hAzml9P.js                         3.23 kB │ gzip:   1.22 kB
node_modules/.nitro/vite/services/ssr/assets/new-DMeaKqDF.js                                 3.28 kB │ gzip:   1.24 kB
node_modules/.nitro/vite/services/ssr/assets/reply-draft-D_smvExF.js                         3.44 kB │ gzip:   0.96 kB
node_modules/.nitro/vite/services/ssr/assets/organizations.members-Cb77f0Tl.js               3.45 kB │ gzip:   0.97 kB
node_modules/.nitro/vite/services/ssr/assets/reply-CBtyasjA.js                               3.45 kB │ gzip:   0.98 kB
node_modules/.nitro/vite/services/ssr/assets/query-keys-_XOFztXx.js                          3.57 kB │ gzip:   0.90 kB
node_modules/.nitro/vite/services/ssr/assets/gbp-import-CjlJ4BVi.js                          3.64 kB │ gzip:   1.00 kB
node_modules/.nitro/vite/services/ssr/assets/auth-settings-B36vbesj.js                       3.66 kB │ gzip:   1.08 kB
node_modules/.nitro/vite/services/ssr/assets/import-BtMyQHho.js                              3.66 kB │ gzip:   1.28 kB
node_modules/.nitro/vite/services/ssr/assets/routes-BPDORKOr.js                              3.70 kB │ gzip:   1.23 kB
node_modules/.nitro/vite/services/ssr/assets/field-DzdzWZPv.js                               3.73 kB │ gzip:   1.22 kB
node_modules/.nitro/vite/services/ssr/assets/tabs-Dm7f2cna.js                                3.83 kB │ gzip:   1.16 kB
node_modules/.nitro/vite/services/ssr/assets/lookups-BT2fqrzG.js                             3.85 kB │ gzip:   1.41 kB
node_modules/.nitro/vite/services/ssr/assets/organizations.query-l4SWQfOD.js                 3.96 kB │ gzip:   1.23 kB
node_modules/.nitro/vite/services/ssr/assets/public-YHL_D_zs.js                              4.05 kB │ gzip:   1.24 kB
node_modules/.nitro/vite/services/ssr/assets/d1-sqlite-dialect-BLC8LXE6-8e4xscbL.js          4.07 kB │ gzip:   1.53 kB
node_modules/.nitro/vite/services/ssr/assets/staff-assignments-cZH4_tg9.js                   4.10 kB │ gzip:   1.13 kB
node_modules/.nitro/vite/services/ssr/assets/_teamId-Bqz_bng8.js                             4.16 kB │ gzip:   1.29 kB
node_modules/.nitro/vite/services/ssr/assets/home-SKwr0Vu8.js                                4.42 kB │ gzip:   1.45 kB
node_modules/.nitro/vite/services/ssr/assets/organizations.invitations-CAb6PChk.js           4.42 kB │ gzip:   1.14 kB
node_modules/.nitro/vite/services/ssr/assets/authorization-policy-FQsEap8g.js                4.43 kB │ gzip:   1.37 kB
node_modules/.nitro/vite/services/ssr/assets/portal-link-categories-DccLp_vq.js              4.58 kB │ gzip:   1.10 kB
node_modules/.nitro/vite/services/ssr/assets/guest-scans-Cb6FTJqp.js                         4.66 kB │ gzip:   1.56 kB
node_modules/.nitro/vite/services/ssr/assets/inbox-status-zwFqE36G.js                        4.72 kB │ gzip:   1.11 kB
node_modules/.nitro/vite/services/ssr/assets/logger-ChSO1Wqq.js                              4.74 kB │ gzip:   2.01 kB
node_modules/.nitro/vite/services/ssr/assets/bun-sqlite-dialect-BW9W1_Ps-CFSBCFub.js         4.75 kB │ gzip:   1.71 kB
node_modules/.nitro/vite/services/ssr/assets/node-sqlite-dialect-Dw-wd4Ds.js                 4.75 kB │ gzip:   1.70 kB
node_modules/.nitro/vite/services/ssr/assets/teams-BtCS7TmN.js                               4.79 kB │ gzip:   1.35 kB
node_modules/.nitro/vite/services/ssr/assets/portal-links-DWbDrous.js                        5.13 kB │ gzip:   1.20 kB
node_modules/.nitro/vite/services/ssr/assets/dialog-CoKT2cZB.js                              5.21 kB │ gzip:   1.31 kB
node_modules/.nitro/vite/services/ssr/assets/google-connections-DV4udIFQ.js                  5.38 kB │ gzip:   1.33 kB
node_modules/.nitro/vite/services/ssr/assets/inbox-queries-Dyye1ima.js                       5.39 kB │ gzip:   1.43 kB
node_modules/.nitro/vite/services/ssr/assets/form-text-field-CljZFhsX.js                     5.44 kB │ gzip:   1.66 kB
node_modules/.nitro/vite/services/ssr/assets/property-dashboard-helpers-zsFJ_Pc1.js          5.82 kB │ gzip:   1.48 kB
node_modules/.nitro/vite/services/ssr/assets/_portalId-OJkWpO5k.js                           5.94 kB │ gzip:   1.87 kB
node_modules/.nitro/vite/services/ssr/assets/alert-dialog-CcMSQkBv.js                        6.11 kB │ gzip:   1.31 kB
node_modules/.nitro/vite/services/ssr/assets/page-header-DCEG9jKM.js                         6.14 kB │ gzip:   1.44 kB
node_modules/.nitro/vite/services/ssr/assets/badges-xLzsvGcl.js                              6.14 kB │ gzip:   1.58 kB
node_modules/.nitro/vite/services/ssr/assets/members-Bj92wGel.js                             6.26 kB │ gzip:   1.76 kB
node_modules/.nitro/vite/services/ssr/assets/tooltip-BJehkrI4.js                             6.43 kB │ gzip:   1.54 kB
node_modules/.nitro/vite/services/ssr/assets/progress-B6bUgVl8.js                            6.54 kB │ gzip:   1.77 kB
node_modules/.nitro/vite/services/ssr/assets/organizations-ewnP_Hxf.js                       6.63 kB │ gzip:   1.97 kB
node_modules/.nitro/vite/services/ssr/assets/organizations.registration-Bf9GOeD_.js          6.84 kB │ gzip:   1.90 kB
node_modules/.nitro/vite/services/ssr/assets/select--ZESFULy.js                              6.95 kB │ gzip:   1.73 kB
node_modules/.nitro/vite/services/ssr/assets/env-impl-eW6tqStn.js                            7.08 kB │ gzip:   2.64 kB
node_modules/.nitro/vite/services/ssr/assets/organizations.upload-CfYWCNNk.js                7.91 kB │ gzip:   1.82 kB
node_modules/.nitro/vite/services/ssr/assets/portal-groups-Bls5_EKC.js                       8.07 kB │ gzip:   1.66 kB
node_modules/.nitro/vite/services/ssr/assets/properties-C8Fagt1F.js                          8.40 kB │ gzip:   2.05 kB
node_modules/.nitro/vite/services/ssr/assets/fleet-overview-DqiT6wC-.js                      8.85 kB │ gzip:   2.07 kB
node_modules/.nitro/vite/services/ssr/assets/notifications-BEBWlmTz.js                       8.99 kB │ gzip:   1.86 kB
node_modules/.nitro/vite/services/ssr/assets/beta-capabilities-Dv0PQ2Q-.js                   9.00 kB │ gzip:   2.98 kB
node_modules/.nitro/vite/services/ssr/assets/portals-8BuwEujD.js                             9.02 kB │ gzip:   1.92 kB
node_modules/.nitro/vite/services/ssr/assets/goals-BqW0o9Q5.js                               9.99 kB │ gzip:   2.17 kB
node_modules/.nitro/vite/services/ssr/assets/portals-CkBHB8_b.js                            13.17 kB │ gzip:   2.86 kB
node_modules/.nitro/vite/services/ssr/assets/leaderboard-CrAVApdg.js                        13.99 kB │ gzip:   3.11 kB
node_modules/.nitro/vite/services/ssr/assets/helpers-DQ2YHTtn.js                            14.43 kB │ gzip:   4.21 kB
node_modules/.nitro/vite/services/ssr/assets/dist-DCgsAmmP.js                               14.70 kB │ gzip:   4.16 kB
node_modules/.nitro/vite/services/ssr/assets/guest-CnbpVqtb.js                              14.99 kB │ gzip:   3.34 kB
node_modules/.nitro/vite/services/ssr/assets/image-upload-field-A4dUuJDZ.js                 16.08 kB │ gzip:   3.48 kB
node_modules/.nitro/vite/services/ssr/assets/_propertyId-CM3bqkpz.js                        17.08 kB │ gzip:   3.60 kB
node_modules/.nitro/vite/services/ssr/assets/_tanstack-start-manifest_v-BLXtgSic.js         17.11 kB │ gzip:   3.29 kB
node_modules/.nitro/vite/services/ssr/assets/home-yUhdo5_G.js                               17.23 kB │ gzip:   3.42 kB
node_modules/.nitro/vite/services/ssr/assets/sidebar-BWLDkZFJ.js                            18.12 kB │ gzip:   4.21 kB
node_modules/.nitro/vite/services/ssr/assets/settings-Z9h8ahvc.js                           19.37 kB │ gzip:   3.71 kB
node_modules/.nitro/vite/services/ssr/assets/_goalId-eAk2DkqU.js                            22.04 kB │ gzip:   4.18 kB
node_modules/.nitro/vite/services/ssr/assets/organization-W3bajRCd.js                       22.80 kB │ gzip:   4.80 kB
node_modules/.nitro/vite/services/ssr/assets/goals-DvNyGw6b.js                              22.90 kB │ gzip:   4.71 kB
node_modules/.nitro/vite/services/ssr/assets/team-BSUvTU78.js                               24.37 kB │ gzip:   4.66 kB
node_modules/.nitro/vite/services/ssr/assets/integration-C6YCRsFG.js                        25.19 kB │ gzip:   4.99 kB
node_modules/.nitro/vite/services/ssr/assets/_authenticated-BEe7ssP4.js                     28.98 kB │ gzip:   6.58 kB
node_modules/.nitro/vite/services/ssr/assets/server-CKcgad5E.js                             29.33 kB │ gzip:   8.00 kB
node_modules/.nitro/vite/services/ssr/assets/auth-client-D--qKJ99.js                        35.05 kB │ gzip:   8.78 kB
node_modules/.nitro/vite/services/ssr/assets/_authenticated-XIqydbD7.js                     41.26 kB │ gzip:   6.62 kB
node_modules/.nitro/vite/services/ssr/assets/default-query-compiler-pSRH6P1l.js             43.29 kB │ gzip:   7.81 kB
node_modules/.nitro/vite/services/ssr/assets/new-DIYqe6Nw.js                                46.25 kB │ gzip:   9.41 kB
node_modules/.nitro/vite/services/ssr/assets/people-BGTcNvJ2.js                             46.86 kB │ gzip:   8.36 kB
node_modules/.nitro/vite/services/ssr/assets/error-codes-Dp3WpIqc.js                        54.66 kB │ gzip:  14.93 kB
node_modules/.nitro/vite/services/ssr/assets/router-B3I_oeVZ.js                             56.81 kB │ gzip:  13.00 kB
node_modules/.nitro/vite/services/ssr/assets/identity-xBFWs2R0.js                           59.19 kB │ gzip:   9.42 kB
node_modules/.nitro/vite/services/ssr/assets/factory-Bp-uQDFz.js                            70.95 kB │ gzip:  14.89 kB
node_modules/.nitro/vite/services/ssr/assets/middleware-Coe2X4xi.js                         71.32 kB │ gzip:  14.25 kB
node_modules/.nitro/vite/services/ssr/assets/inbox-page-v2-7vBN1Udo.js                     109.38 kB │ gzip:  19.40 kB
node_modules/.nitro/vite/services/ssr/assets/portal-BcsStbPI.js                            148.93 kB │ gzip:  26.99 kB
node_modules/.nitro/vite/services/ssr/index.js                                             182.54 kB │ gzip:  47.94 kB
node_modules/.nitro/vite/services/ssr/assets/dist-DrtyEgeT.js                              191.00 kB │ gzip:  32.43 kB
node_modules/.nitro/vite/services/ssr/assets/compiled-query-CeyQ0xKn.js                    233.53 kB │ gzip:  38.07 kB
node_modules/.nitro/vite/services/ssr/assets/composition-BXIdaFie.js                       555.72 kB │ gzip: 102.42 kB
node_modules/.nitro/vite/services/ssr/assets/auth-DsGMbEiY.js                              736.26 kB │ gzip: 153.77 kB

✓ built in 864ms
vite v8.1.4 building nitro environment for production...
[2Ktransforming...✓ 4058 modules transformed.
rendering chunks...
computing gzip size...
.output/server/_ssr/kysely-adapter-BVV4ZOl8.mjs                               0.13 kB │ gzip:   0.10 kB
.output/server/_libs/radix-ui__number.mjs                                     0.21 kB │ gzip:   0.17 kB
.output/server/_ssr/empty-plugin-adapters-Dm5oI3Gf.mjs                        0.23 kB │ gzip:   0.16 kB
.output/server/_chunks/render_resend.mjs                                      0.23 kB │ gzip:   0.17 kB
.output/server/_portalSlug-BAPFdS0y.mjs                                       0.26 kB │ gzip:   0.19 kB
.output/server/_ssr/utils-C_uf36nf.mjs                                        0.29 kB │ gzip:   0.21 kB
.output/server/_ssr/errors-Bq--YW6Y.mjs                                       0.34 kB │ gzip:   0.24 kB
.output/server/_libs/radix-ui__primitive.mjs                                  0.42 kB │ gzip:   0.23 kB
.output/server/_ssr/profile-LTxhbLXc.mjs                                      0.42 kB │ gzip:   0.28 kB
.output/server/_ssr/types-0k5KYs26.mjs                                        0.43 kB │ gzip:   0.28 kB
.output/server/_ssr/import-C-RlxzKK.mjs                                       0.48 kB │ gzip:   0.28 kB
.output/server/_ssr/integrations-BVeJP0pz.mjs                                 0.48 kB │ gzip:   0.28 kB
.output/server/_ssr/notifications-C6UPrs-y.mjs                                0.49 kB │ gzip:   0.28 kB
.output/server/_ssr/recognition-yyNCHYMp.mjs                                  0.49 kB │ gzip:   0.29 kB
.output/server/_ssr/createSsrRpc-DfedBAzf.mjs                                 0.52 kB │ gzip:   0.33 kB
.output/server/_ssr/staff-shared-BzIXN4dK.mjs                                 0.54 kB │ gzip:   0.33 kB
.output/server/_ssr/organizations.errors.server-Bw3Z9NIe.mjs                  0.55 kB │ gzip:   0.33 kB
.output/server/_ssr/string-6fIunP1r.mjs                                       0.56 kB │ gzip:   0.35 kB
.output/server/_ssr/join-BUpX54P8.mjs                                         0.57 kB │ gzip:   0.37 kB
.output/server/_ssr/login-DAJWmYO1.mjs                                        0.57 kB │ gzip:   0.37 kB
.output/server/_ssr/types-Bps_6XkA.mjs                                        0.58 kB │ gzip:   0.32 kB
.output/server/_ssr/staff-goals-C1jcKzbd.mjs                                  0.58 kB │ gzip:   0.37 kB
.output/server/_ssr/auth-context-BQZQHCWn.mjs                                 0.63 kB │ gzip:   0.37 kB
.output/server/_ssr/goals-Db5qIrqw.mjs                                        0.64 kB │ gzip:   0.40 kB
.output/server/_ssr/new-BNvQEUjA.mjs                                          0.64 kB │ gzip:   0.40 kB
.output/server/_ssr/update-portal-group.dto-DIioHFZU.mjs                      0.64 kB │ gzip:   0.31 kB
.output/server/_ssr/property-shared-B-moBbVV.mjs                              0.65 kB │ gzip:   0.35 kB
.output/server/_ssr/metrics-VhDn9cC9.mjs                                      0.65 kB │ gzip:   0.41 kB
.output/server/_ssr/pii-Bfd-PnXz.mjs                                          0.66 kB │ gzip:   0.40 kB
.output/server/_libs/radix-ui__react-direction.mjs                            0.68 kB │ gzip:   0.37 kB
.output/server/_ssr/skeleton-BZaKR9K1.mjs                                     0.69 kB │ gzip:   0.43 kB
.output/server/_ssr/dashboard-BfcVQ77t.mjs                                    0.69 kB │ gzip:   0.42 kB
.output/server/_ssr/auth.functions-DetoRf9d.mjs                               0.70 kB │ gzip:   0.43 kB
.output/server/_ssr/organizations.shared-CPwJ-2WO.mjs                         0.72 kB │ gzip:   0.41 kB
.output/server/_ssr/usePermissions-DxcqEqNf.mjs                               0.73 kB │ gzip:   0.40 kB
.output/server/_ssr/update-connection-visibility.dto-BROYQjCV.mjs             0.74 kB │ gzip:   0.34 kB
.output/server/_ssr/badge.dto-mBhzTb-a.mjs                                    0.76 kB │ gzip:   0.37 kB
.output/server/_ssr/inbox-Dklrra_g.mjs                                        0.76 kB │ gzip:   0.46 kB
.output/server/_ssr/error-helpers-2nBBh_wU.mjs                                0.77 kB │ gzip:   0.43 kB
.output/server/_ssr/staff-empty-state-BCsZEjmQ.mjs                            0.77 kB │ gzip:   0.45 kB
.output/server/_ssr/portal-link-category.dto-BYKBhYwW.mjs                     0.78 kB │ gzip:   0.34 kB
.output/server/_ssr/status-oEiBvyMd.mjs                                       0.79 kB │ gzip:   0.50 kB
.output/server/_ssr/domain-BF4wfJA7.mjs                                       0.82 kB │ gzip:   0.51 kB
.output/server/_ssr/clipboard-v6BN3eSH.mjs                                    0.83 kB │ gzip:   0.42 kB
.output/server/_ssr/useServerFn-DZVfaRhs.mjs                                  0.83 kB │ gzip:   0.46 kB
.output/server/_ssr/organization-DLqPlIMF.mjs                                 0.84 kB │ gzip:   0.36 kB
.output/server/_libs/react.mjs                                                0.87 kB │ gzip:   0.42 kB
.output/server/_ssr/reviews-DXzBa_-a.mjs                                      0.87 kB │ gzip:   0.50 kB
.output/server/_ssr/import-status.dto-DIOpn1SX.mjs                            0.88 kB │ gzip:   0.40 kB
.output/server/_chunks/ssr-renderer.mjs                                       0.88 kB │ gzip:   0.46 kB
.output/server/_ssr/dashboard.dto-C8BQvc9n.mjs                                0.88 kB │ gzip:   0.41 kB
.output/server/_ssr/settings-oPQDnBTY.mjs                                     0.89 kB │ gzip:   0.48 kB
.output/server/_ssr/update-team.dto-B7_NKBDu.mjs                              0.89 kB │ gzip:   0.37 kB
.output/server/_ssr/start-CCxGr7S9.mjs                                        0.92 kB │ gzip:   0.43 kB
.output/server/_ssr/staff-assignment.dto-SHWDqNVu.mjs                         0.92 kB │ gzip:   0.33 kB
.output/server/_ssr/dashboard-B73ln-6c.mjs                                    0.93 kB │ gzip:   0.51 kB
.output/server/_teamId-Cn18uhyM.mjs                                           0.95 kB │ gzip:   0.42 kB
.output/server/_ssr/leaderboard.dto-CRrHSpl1.mjs                              0.95 kB │ gzip:   0.42 kB
.output/server/_ssr/label-DnvnFm4b.mjs                                        0.97 kB │ gzip:   0.52 kB
.output/server/_ssr/kysely-migration-tables-JkVUjPF_-C548Smk5.mjs             0.98 kB │ gzip:   0.55 kB
.output/server/_ssr/gbp-import-DyJH1KYK.mjs                                   1.00 kB │ gzip:   0.49 kB
.output/server/_importId-CMIlQJfJ.mjs                                         1.01 kB │ gzip:   0.52 kB
.output/server/_ssr/portal-link.dto-4H_8Rw3r.mjs                              1.01 kB │ gzip:   0.38 kB
.output/server/_libs/radix-ui__react-label.mjs                                1.02 kB │ gzip:   0.55 kB
.output/server/_propertyId-DnFNrBj8.mjs                                       1.04 kB │ gzip:   0.56 kB
.output/server/_libs/radix-ui__react-arrow.mjs                                1.07 kB │ gzip:   0.57 kB
.output/server/_libs/atomic-sleep.mjs                                         1.15 kB │ gzip:   0.48 kB
.output/server/_goalId-DUQWgdys.mjs                                           1.15 kB │ gzip:   0.60 kB
.output/server/_ssr/textarea-Ba5Ms2Dt.mjs                                     1.16 kB │ gzip:   0.62 kB
.output/server/_ssr/page-shell-CGtUk9Do.mjs                                   1.18 kB │ gzip:   0.71 kB
.output/server/_libs/hookable.mjs                                             1.19 kB │ gzip:   0.53 kB
.output/server/_ssr/update-property.dto-CZRgJuuH.mjs                          1.20 kB │ gzip:   0.52 kB
.output/server/_ssr/team-B1DXUqAu.mjs                                         1.23 kB │ gzip:   0.60 kB
.output/server/_ssr/portals-Bl4d69Z0.mjs                                      1.24 kB │ gzip:   0.62 kB
.output/server/_ssr/progress-CZZVW_cu.mjs                                     1.26 kB │ gzip:   0.62 kB
.output/server/_ssr/preferences-CXM4VSbt.mjs                                  1.26 kB │ gzip:   0.57 kB
.output/server/_ssr/goals-BERBtI6A.mjs                                        1.28 kB │ gzip:   0.58 kB
.output/server/_ssr/badges-C5eoh9Kx.mjs                                       1.31 kB │ gzip:   0.57 kB
.output/server/_ssr/input-yJtH5sxJ.mjs                                        1.34 kB │ gzip:   0.69 kB
.output/server/_ssr/inbox-DfBw5_r2.mjs                                        1.34 kB │ gzip:   0.66 kB
.output/server/_ssr/update-portal.dto-B4ln5kas.mjs                            1.40 kB │ gzip:   0.51 kB
.output/server/_libs/radix-ui__react-separator.mjs                            1.40 kB │ gzip:   0.66 kB
.output/server/_ssr/traced-server-fn-Oz203UPC.mjs                             1.44 kB │ gzip:   0.73 kB
.output/server/_ssr/accept-invitation-D4Kj7nM_.mjs                            1.44 kB │ gzip:   0.70 kB
.output/server/_ssr/accept-invitation-BPTD1Bj9.mjs                            1.46 kB │ gzip:   0.67 kB
.output/server/_ssr/reply-read-CHK8mIPm.mjs                                   1.47 kB │ gzip:   0.71 kB
.output/server/_ssr/auth-settings.helpers-FYo316BK.mjs                        1.50 kB │ gzip:   0.62 kB
.output/server/_ssr/google-connections-CtEPspKO.mjs                           1.51 kB │ gzip:   0.69 kB
.output/server/_ssr/security-Bn-VsNhr.mjs                                     1.52 kB │ gzip:   0.67 kB
.output/server/_ssr/google-auth-url-B_FwIoqF.mjs                              1.55 kB │ gzip:   0.74 kB
.output/server/_ssr/staff-goals-CLjhbh8_.mjs                                  1.58 kB │ gzip:   0.76 kB
.output/server/_ssr/staff-portals-BxNXTkqN.mjs                                1.60 kB │ gzip:   0.76 kB
.output/server/_ssr/empty-state-CD-4pUpz.mjs                                  1.60 kB │ gzip:   0.61 kB
.output/server/_teamId-C7J9bKW4.mjs                                           1.63 kB │ gzip:   0.81 kB
.output/server/_ssr/auth-settings-BW6zcnFA.mjs                                1.68 kB │ gzip:   0.78 kB
.output/server/_ssr/staff-recent-activity-Br9_t9i7.mjs                        1.69 kB │ gzip:   0.77 kB
.output/server/_ssr/update-organization-BJ7RrZwV.mjs                          1.70 kB │ gzip:   0.63 kB
.output/server/_ssr/reviews-BVmu71T-.mjs                                      1.72 kB │ gzip:   0.78 kB
.output/server/_ssr/members-CAQ_6iPS.mjs                                      1.72 kB │ gzip:   0.77 kB
.output/server/_ssr/members-xPucnkeg.mjs                                      1.73 kB │ gzip:   0.75 kB
.output/server/_ssr/auth-settings.org-CiXsr1vR.mjs                            1.79 kB │ gzip:   0.83 kB
.output/server/_ssr/-inbox-fns-DBvNRJGF.mjs                                   1.80 kB │ gzip:   0.77 kB
.output/server/_ssr/dashboard-Df28PSgR.mjs                                    1.80 kB │ gzip:   0.75 kB
.output/server/_ssr/form-textarea-CiRATftO.mjs                                1.80 kB │ gzip:   0.78 kB
.output/server/_ssr/switch-B_Z4lIAR.mjs                                       1.83 kB │ gzip:   0.80 kB
.output/server/_ssr/checkbox-BJWqiCOY.mjs                                     1.85 kB │ gzip:   0.76 kB
.output/server/_ssr/sqlite-adapter-EMgr8Uqc.mjs                               1.85 kB │ gzip:   0.80 kB
.output/server/_ssr/metric-keys-DtEreG58.mjs                                  1.86 kB │ gzip:   0.77 kB
.output/server/_runtime.mjs                                                   1.89 kB │ gzip:   0.86 kB
.output/server/_propertyId-Cqx095Ub.mjs                                       1.95 kB │ gzip:   0.81 kB
.output/server/_ssr/progress-bar-BY2kcROX.mjs                                 1.95 kB │ gzip:   0.77 kB
.output/server/_ssr/guest-session-D287F_Qb.mjs                                2.01 kB │ gzip:   1.00 kB
.output/server/_ssr/badge-C_u102UO.mjs                                        2.02 kB │ gzip:   0.91 kB
.output/server/_ssr/use-action-mutation-EHuyFNG-.mjs                          2.03 kB │ gzip:   0.99 kB
.output/server/_ssr/popover-B3Jx08Gp.mjs                                      2.06 kB │ gzip:   0.74 kB
.output/server/_ssr/staff-portals-update-BaFENtvY.mjs                         2.06 kB │ gzip:   0.92 kB
.output/server/_libs/on-exit-leak-free.mjs                                    2.07 kB │ gzip:   0.76 kB
.output/server/_ssr/route-queries-3WePr4K_.mjs                                2.10 kB │ gzip:   0.88 kB
.output/server/_ssr/use-action-jEOPgTrQ.mjs                                   2.13 kB │ gzip:   0.95 kB
.output/server/_ssr/notifications-euWTAvNs.mjs                                2.13 kB │ gzip:   0.84 kB
.output/server/_ssr/auth.functions-B9HoLNG0.mjs                               2.14 kB │ gzip:   0.86 kB
.output/server/_ssr/organizations.update-q_XuU0S3.mjs                         2.18 kB │ gzip:   0.88 kB
.output/server/_ssr/metrics-C2LjzCXD.mjs                                      2.19 kB │ gzip:   0.90 kB
.output/server/_ssr/card-DjaJyLAY.mjs                                         2.20 kB │ gzip:   0.68 kB
.output/server/_libs/ufo.mjs                                                  2.21 kB │ gzip:   0.72 kB
.output/server/_ssr/goals-DPHzu380.mjs                                        2.23 kB │ gzip:   0.96 kB
.output/server/_portalId-BdxCB2jw.mjs                                         2.24 kB │ gzip:   0.87 kB
.output/server/_ssr/reply-read-CpMTjDiO.mjs                                   2.25 kB │ gzip:   1.04 kB
.output/server/_ssr/guest-scans-Bk8t5fHL.mjs                                  2.27 kB │ gzip:   0.96 kB
.output/server/_ssr/public-api-DjP3iMvW.mjs                                   2.29 kB │ gzip:   0.95 kB
.output/server/_ssr/profile-j0SldIEQ.mjs                                      2.32 kB │ gzip:   0.89 kB
.output/server/_libs/react-is.mjs                                             2.36 kB │ gzip:   0.82 kB
.output/server/_ssr/integrations-CEdH0N3w.mjs                                 2.39 kB │ gzip:   0.91 kB
.output/server/_ssr/invitation.dto-_qmDvh_U.mjs                               2.40 kB │ gzip:   0.77 kB
.output/server/_teamId-BaudurWm.mjs                                           2.41 kB │ gzip:   0.90 kB
.output/server/_ssr/staff-dashboard-CBMbsOws.mjs                              2.45 kB │ gzip:   1.05 kB
.output/server/_portalSlug-DZaZnaE8.mjs                                       2.45 kB │ gzip:   1.03 kB
.output/server/_propertyId-BnWfTr9J.mjs                                       2.45 kB │ gzip:   1.01 kB
.output/server/_ssr/login-DjV9EV9C.mjs                                        2.46 kB │ gzip:   1.01 kB
.output/server/_ssr/inbox.dto-0-MQ1xly.mjs                                    2.47 kB │ gzip:   0.89 kB
.output/server/_ssr/permissions-CLo8oEI7.mjs                                  2.48 kB │ gzip:   1.09 kB
.output/server/_ssr/register-BuOlrk7d.mjs                                     2.48 kB │ gzip:   0.92 kB
.output/server/_ssr/portal-analytics-C62ZQZoH.mjs                             2.49 kB │ gzip:   1.08 kB
.output/server/_ssr/portal-links-CK2FgCWl.mjs                                 2.50 kB │ gzip:   0.90 kB
.output/server/_importId-DukXC7C0.mjs                                         2.55 kB │ gzip:   0.95 kB
.output/server/_ssr/new-CsNPHsZQ.mjs                                          2.56 kB │ gzip:   1.02 kB
.output/server/_ssr/fleet-overview-BxQfjL9I.mjs                               2.57 kB │ gzip:   1.08 kB
.output/server/_ssr/join-BPQcHurZ.mjs                                         2.58 kB │ gzip:   0.98 kB
.output/server/_ssr/goal.dto-CSbHlmbc.mjs                                     2.58 kB │ gzip:   0.88 kB
.output/server/_ssr/button-DZ9K_bUe.mjs                                       2.59 kB │ gzip:   1.07 kB
.output/server/_ssr/leaderboards-BF_9QIUu.mjs                                 2.59 kB │ gzip:   0.85 kB
.output/server/_ssr/properties-B4CXtdm3.mjs                                   2.60 kB │ gzip:   0.88 kB
.output/server/_ssr/reset-password-BgbYLins.mjs                               2.61 kB │ gzip:   1.02 kB
.output/server/_ssr/inbox-item-queries-DiK5C8eJ.mjs                           2.65 kB │ gzip:   0.88 kB
.output/server/_ssr/theme-toggle-CvahcncX.mjs                                 2.67 kB │ gzip:   1.10 kB
.output/server/_ssr/notifications-Cebjwqwn.mjs                                2.68 kB │ gzip:   1.05 kB
.output/server/_portalSlug-Din6dvvM.mjs                                       2.71 kB │ gzip:   1.10 kB
.output/server/_ssr/page-states-1_9ghcx_.mjs                                  2.73 kB │ gzip:   0.96 kB
.output/server/_ssr/inbox-item-actions-eli1fYmz.mjs                           2.74 kB │ gzip:   0.93 kB
.output/server/_ssr/rules-CJiTZadF.mjs                                        2.75 kB │ gzip:   1.39 kB
.output/server/_ssr/recognition-DmKwZPPQ.mjs                                  2.78 kB │ gzip:   1.04 kB
.output/server/_ssr/people-BfyXltWz.mjs                                       2.80 kB │ gzip:   1.02 kB
.output/server/_ssr/rules-D808-dVC.mjs                                        2.84 kB │ gzip:   1.06 kB
.output/server/_ssr/table-CKcoVglM.mjs                                        2.87 kB │ gzip:   0.81 kB
.output/server/_ssr/dashboard-DeO2xwka.mjs                                    2.87 kB │ gzip:   1.23 kB
.output/server/_ssr/attention-signals-BiYFejDV.mjs                            2.94 kB │ gzip:   1.21 kB
.output/server/_ssr/activity-DqgF40ck.mjs                                     2.96 kB │ gzip:   1.04 kB
.output/server/_ssr/portals-CEEaqphb.mjs                                      2.99 kB │ gzip:   1.15 kB
.output/server/_ssr/inbox-SBrcJij4.mjs                                        3.00 kB │ gzip:   1.08 kB
.output/server/_ssr/leaderboard-1hAzml9P.mjs                                  3.02 kB │ gzip:   1.14 kB
.output/server/_ssr/organizations.response-sla-Dk_-32x2.mjs                   3.04 kB │ gzip:   1.13 kB
.output/server/_ssr/roles-CZvb9pIw.mjs                                        3.05 kB │ gzip:   1.45 kB
.output/server/_libs/@aws-sdk/credential-provider-web-identity+[...].mjs      3.11 kB │ gzip:   1.06 kB
.output/server/_ssr/property-read-0WoGK2G7.mjs                                3.23 kB │ gzip:   0.98 kB
.output/server/_ssr/new-DMeaKqDF.mjs                                          3.24 kB │ gzip:   1.29 kB
.output/server/_libs/class-variance-authority+clsx.mjs                        3.25 kB │ gzip:   1.27 kB
.output/server/_libs/d3-path.mjs                                              3.28 kB │ gzip:   1.18 kB
.output/server/_libs/radix-ui__react-collection.mjs                           3.38 kB │ gzip:   1.11 kB
.output/server/_ssr/reply-draft-D_smvExF.mjs                                  3.45 kB │ gzip:   0.99 kB
.output/server/_ssr/organizations.members-Cb77f0Tl.mjs                        3.46 kB │ gzip:   0.99 kB
.output/server/_ssr/reply-CBtyasjA.mjs                                        3.46 kB │ gzip:   1.01 kB
.output/server/_ssr/query-keys-_XOFztXx.mjs                                   3.61 kB │ gzip:   0.93 kB
.output/server/_libs/@aws-sdk/credential-provider-process+[...].mjs           3.63 kB │ gzip:   1.12 kB
.output/server/_ssr/gbp-import-CjlJ4BVi.mjs                                   3.65 kB │ gzip:   1.02 kB
.output/server/_ssr/auth-settings-B36vbesj.mjs                                3.68 kB │ gzip:   1.12 kB
.output/server/_ssr/lookups-BT2fqrzG.mjs                                      3.71 kB │ gzip:   1.39 kB
.output/server/_libs/dijkstrajs.mjs                                           3.74 kB │ gzip:   1.55 kB
.output/server/_ssr/d1-sqlite-dialect-BLC8LXE6-8e4xscbL.mjs                   3.94 kB │ gzip:   1.47 kB
.output/server/_ssr/import-BtMyQHho.mjs                                       3.96 kB │ gzip:   1.37 kB
.output/server/_ssr/organizations.query-l4SWQfOD.mjs                          3.97 kB │ gzip:   1.26 kB
.output/server/_ssr/public-YHL_D_zs.mjs                                       4.07 kB │ gzip:   1.27 kB
.output/server/_ssr/staff-assignments-cZH4_tg9.mjs                            4.12 kB │ gzip:   1.15 kB
.output/server/_ssr/tabs-Dm7f2cna.mjs                                         4.17 kB │ gzip:   1.23 kB
.output/server/_ssr/routes-BPDORKOr.mjs                                       4.17 kB │ gzip:   1.30 kB
.output/server/_ssr/field-DzdzWZPv.mjs                                        4.19 kB │ gzip:   1.35 kB
.output/server/_ssr/home-SKwr0Vu8.mjs                                         4.22 kB │ gzip:   1.45 kB
.output/server/_ssr/organizations.invitations-CAb6PChk.mjs                    4.43 kB │ gzip:   1.18 kB
.output/server/_libs/radix-ui__react-switch.mjs                               4.46 kB │ gzip:   1.63 kB
.output/server/_ssr/authorization-policy-FQsEap8g.mjs                         4.47 kB │ gzip:   1.40 kB
.output/server/_libs/cluster-key-slot.mjs                                     4.49 kB │ gzip:   1.83 kB
.output/server/_teamId-Bqz_bng8.mjs                                           4.58 kB │ gzip:   1.38 kB
.output/server/_ssr/bun-sqlite-dialect-BW9W1_Ps-CFSBCFub.mjs                  4.62 kB │ gzip:   1.66 kB
.output/server/_ssr/node-sqlite-dialect-Dw-wd4Ds.mjs                          4.62 kB │ gzip:   1.64 kB
.output/server/_ssr/portal-link-categories-DccLp_vq.mjs                       4.63 kB │ gzip:   1.14 kB
.output/server/_libs/fractional-indexing.mjs                                  4.68 kB │ gzip:   1.36 kB
.output/server/_libs/@tanstack/react-router-ssr-query+[...].mjs               4.69 kB │ gzip:   1.47 kB
.output/server/_ssr/guest-scans-Cb6FTJqp.mjs                                  4.72 kB │ gzip:   1.60 kB
.output/server/_ssr/inbox-status-zwFqE36G.mjs                                 4.73 kB │ gzip:   1.14 kB
.output/server/_ssr/teams-BtCS7TmN.mjs                                        4.84 kB │ gzip:   1.39 kB
.output/server/_libs/aws-sdk__s3-request-presigner.mjs                        5.01 kB │ gzip:   1.60 kB
.output/server/_libs/aws-crypto__crc32c.mjs                                   5.03 kB │ gzip:   2.26 kB
.output/server/_ssr/logger-ChSO1Wqq.mjs                                       5.04 kB │ gzip:   2.14 kB
.output/server/_ssr/portal-links-DWbDrous.mjs                                 5.17 kB │ gzip:   1.23 kB
.output/server/_ssr/google-connections-DV4udIFQ.mjs                           5.30 kB │ gzip:   1.34 kB
.output/server/_ssr/inbox-queries-Dyye1ima.mjs                                5.41 kB │ gzip:   1.45 kB
.output/server/_libs/d3-interpolate.mjs                                       5.50 kB │ gzip:   1.63 kB
.output/server/_ssr/dialog-CoKT2cZB.mjs                                       5.76 kB │ gzip:   1.44 kB
.output/server/_ssr/form-text-field-CljZFhsX.mjs                              5.77 kB │ gzip:   1.71 kB
.output/server/_libs/radix-ui__react-tabs.mjs                                 5.82 kB │ gzip:   1.76 kB
.output/server/_ssr/badges-xLzsvGcl.mjs                                       6.16 kB │ gzip:   1.61 kB
.output/server/_ssr/organizations-ewnP_Hxf.mjs                                6.18 kB │ gzip:   1.95 kB
.output/server/_portalId-OJkWpO5k.mjs                                         6.28 kB │ gzip:   1.94 kB
.output/server/_ssr/property-dashboard-helpers-zsFJ_Pc1.mjs                   6.59 kB │ gzip:   1.57 kB
.output/server/_ssr/env-impl-eW6tqStn.mjs                                     6.63 kB │ gzip:   2.52 kB
.output/server/_libs/react-redux+[...].mjs                                    6.68 kB │ gzip:   2.09 kB
.output/server/_ssr/alert-dialog-CcMSQkBv.mjs                                 6.75 kB │ gzip:   1.45 kB
.output/server/_ssr/page-header-DCEG9jKM.mjs                                  6.75 kB │ gzip:   1.60 kB
.output/server/_libs/stablelib__base64.mjs                                    6.76 kB │ gzip:   1.77 kB
.output/server/_libs/@tanstack/devtools-event-client+[...].mjs                6.76 kB │ gzip:   1.72 kB
.output/server/_ssr/organizations.registration-Bf9GOeD_.mjs                   6.91 kB │ gzip:   1.95 kB
.output/server/_ssr/members-Bj92wGel.mjs                                      7.00 kB │ gzip:   1.90 kB
.output/server/_ssr/tooltip-BJehkrI4.mjs                                      7.13 kB │ gzip:   1.69 kB
.output/server/_libs/@aws-sdk/credential-provider-http+[...].mjs              7.14 kB │ gzip:   2.22 kB
.output/server/_ssr/progress-B6bUgVl8.mjs                                     7.16 kB │ gzip:   1.85 kB
.output/server/_libs/ts-pattern.mjs                                           7.24 kB │ gzip:   2.18 kB
.output/server/_ssr/organizations.upload-CfYWCNNk.mjs                         7.58 kB │ gzip:   1.82 kB
.output/server/_ssr/select--ZESFULy.mjs                                       7.79 kB │ gzip:   1.88 kB
.output/server/_ssr/portal-groups-Bls5_EKC.mjs                                8.11 kB │ gzip:   1.70 kB
.output/server/_libs/eventemitter3.mjs                                        8.32 kB │ gzip:   2.04 kB
.output/server/_libs/d3-array.mjs                                             8.46 kB │ gzip:   2.27 kB
.output/server/_libs/tanstack__react-query.mjs                                8.87 kB │ gzip:   2.14 kB
.output/server/_libs/@radix-ui/react-checkbox+[...].mjs                       8.93 kB │ gzip:   2.64 kB
.output/server/_ssr/beta-capabilities-Dv0PQ2Q-.mjs                            9.04 kB │ gzip:   3.01 kB
.output/server/_ssr/notifications-BEBWlmTz.mjs                                9.04 kB │ gzip:   1.91 kB
.output/server/_ssr/portals-8BuwEujD.mjs                                      9.10 kB │ gzip:   1.96 kB
.output/server/_libs/@aws-crypto/crc32+[...].mjs                              9.22 kB │ gzip:   3.26 kB
.output/server/_ssr/properties-C8Fagt1F.mjs                                   9.25 kB │ gzip:   2.14 kB
.output/server/_libs/floating-ui__react-dom.mjs                               9.43 kB │ gzip:   2.72 kB
.output/server/_ssr/goals-BqW0o9Q5.mjs                                       10.00 kB │ gzip:   2.21 kB
.output/server/_ssr/fleet-overview-DqiT6wC-.mjs                              10.04 kB │ gzip:   2.17 kB
.output/server/_libs/d3-color.mjs                                            10.45 kB │ gzip:   3.58 kB
.output/server/_libs/fast-sha256.mjs                                         10.49 kB │ gzip:   3.11 kB
.output/server/_libs/tanstack__history.mjs                                   10.71 kB │ gzip:   3.13 kB
.output/server/_libs/radix-ui__react-popover.mjs                             10.74 kB │ gzip:   2.57 kB
.output/server/_libs/d3-format.mjs                                           11.11 kB │ gzip:   3.05 kB
.output/server/_libs/pinojs__redact.mjs                                      11.39 kB │ gzip:   2.44 kB
.output/server/_libs/neverthrow.mjs                                          12.48 kB │ gzip:   3.47 kB
.output/server/_ssr/portals-CkBHB8_b.mjs                                     14.44 kB │ gzip:   2.97 kB
.output/server/_ssr/helpers-DQ2YHTtn.mjs                                     14.46 kB │ gzip:   4.24 kB
.output/server/_ssr/dist-DCgsAmmP.mjs                                        14.57 kB │ gzip:   4.09 kB
.output/server/_ssr/leaderboard-CrAVApdg.mjs                                 15.28 kB │ gzip:   3.22 kB
.output/server/_libs/@smithy/credential-provider-imds+[...].mjs              15.42 kB │ gzip:   4.03 kB
.output/server/_libs/dnd-kit__sortable.mjs                                   15.60 kB │ gzip:   4.27 kB
.output/server/_ssr/guest-CnbpVqtb.mjs                                       16.26 kB │ gzip:   3.47 kB
.output/server/_ssr/image-upload-field-A4dUuJDZ.mjs                          16.75 kB │ gzip:   3.59 kB
.output/server/_libs/dnd-kit__accessibility+react.mjs                        16.89 kB │ gzip:   4.72 kB
.output/server/_tanstack-start-manifest_v-BLXtgSic.mjs                       17.16 kB │ gzip:   3.32 kB
.output/server/_libs/radix-ui__react-slider.mjs                              17.61 kB │ gzip:   4.45 kB
.output/server/_libs/@tanstack/react-form+[...].mjs                          17.64 kB │ gzip:   3.59 kB
.output/server/_libs/immer.mjs                                               17.87 kB │ gzip:   5.13 kB
.output/server/_libs/radix-ui__react-tooltip.mjs                             18.36 kB │ gzip:   4.25 kB
.output/server/_propertyId-CM3bqkpz.mjs                                      18.44 kB │ gzip:   3.73 kB
.output/server/_ssr/home-yUhdo5_G.mjs                                        18.75 kB │ gzip:   3.51 kB
.output/server/_ssr/sidebar-BWLDkZFJ.mjs                                     19.39 kB │ gzip:   4.36 kB
.output/server/_ssr/settings-Z9h8ahvc.mjs                                    21.20 kB │ gzip:   3.83 kB
.output/server/_libs/@aws-sdk/credential-provider-ini+[...].mjs              22.30 kB │ gzip:   5.56 kB
.output/server/_libs/decimal.js-light.mjs                                    23.35 kB │ gzip:   6.91 kB
.output/server/_goalId-eAk2DkqU.mjs                                          24.04 kB │ gzip:   4.30 kB
.output/server/_ssr/goals-DvNyGw6b.mjs                                       24.36 kB │ gzip:   4.82 kB
.output/server/_ssr/organization-W3bajRCd.mjs                                24.51 kB │ gzip:   4.91 kB
.output/server/_libs/d3-shape.mjs                                            25.74 kB │ gzip:   5.05 kB
.output/server/_ssr/team-BSUvTU78.mjs                                        25.83 kB │ gzip:   4.77 kB
.output/server/_libs/@floating-ui/dom+[...].mjs                              25.94 kB │ gzip:   6.60 kB
.output/server/_libs/@floating-ui/core+[...].mjs                             25.98 kB │ gzip:   6.39 kB
.output/server/_ssr/integration-C6YCRsFG.mjs                                 26.68 kB │ gzip:   5.10 kB
.output/server/_ssr/server-CKcgad5E.mjs                                      28.89 kB │ gzip:   7.86 kB
.output/server/_authenticated-BEe7ssP4.mjs                                   30.50 kB │ gzip:   6.78 kB
.output/server/_libs/@aws-sdk/credential-provider-sso+[...].mjs              30.91 kB │ gzip:   7.56 kB
.output/server/_ssr/auth-client-D--qKJ99.mjs                                 31.83 kB │ gzip:   8.55 kB
.output/server/_libs/resend+standardwebhooks.mjs                             38.10 kB │ gzip:   7.39 kB
.output/server/_libs/h3+rou3+srvx.mjs                                        40.56 kB │ gzip:  10.98 kB
.output/server/_ssr/default-query-compiler-pSRH6P1l.mjs                      41.73 kB │ gzip:   7.70 kB
.output/server/_libs/lucide-react.mjs                                        42.45 kB │ gzip:   7.92 kB
.output/server/_libs/@radix-ui/react-select+[...].mjs                        43.61 kB │ gzip:   9.45 kB
.output/server/_authenticated-XIqydbD7.mjs                                   44.84 kB │ gzip:   6.91 kB
.output/server/_ssr/new-DIYqe6Nw.mjs                                         48.36 kB │ gzip:   9.60 kB
.output/server/_ssr/people-BGTcNvJ2.mjs                                      50.27 kB │ gzip:   8.54 kB
.output/server/_libs/sonner.mjs                                              52.03 kB │ gzip:  11.81 kB
.output/server/_ssr/error-codes-Dp3WpIqc.mjs                                 52.55 kB │ gzip:  14.53 kB
.output/server/index.mjs                                                     53.66 kB │ gzip:  13.13 kB
.output/server/_ssr/router-B3I_oeVZ.mjs                                      56.66 kB │ gzip:  12.95 kB
.output/server/_libs/pngjs.mjs                                               56.79 kB │ gzip:  11.69 kB
.output/server/_libs/@radix-ui/react-dropdown-menu+[...].mjs                 58.52 kB │ gzip:  11.57 kB
.output/server/_libs/react-resizable-panels.mjs                              58.68 kB │ gzip:  12.61 kB
.output/server/_libs/d3-scale+[...].mjs                                      59.48 kB │ gzip:  12.19 kB
.output/server/_libs/@reduxjs/toolkit+[...].mjs                              62.49 kB │ gzip:  16.10 kB
.output/server/_libs/bowser.mjs                                              62.49 kB │ gzip:  11.05 kB
.output/server/_ssr/identity-xBFWs2R0.mjs                                    63.10 kB │ gzip:   9.58 kB
.output/server/_libs/opentelemetry__api.mjs                                  64.34 kB │ gzip:  12.29 kB
.output/server/_ssr/factory-Bp-uQDFz.mjs                                     66.77 kB │ gzip:  14.56 kB
.output/server/_ssr/middleware-Coe2X4xi.mjs                                  69.44 kB │ gzip:  14.04 kB
.output/server/_libs/tanstack__query-core.mjs                                73.85 kB │ gzip:  15.33 kB
.output/server/_libs/qrcode.mjs                                              78.17 kB │ gzip:  18.70 kB
.output/server/_libs/aws-sdk__nested-clients.mjs                             79.26 kB │ gzip:  12.56 kB
.output/server/_libs/@radix-ui/react-alert-dialog+[...].mjs                  84.68 kB │ gzip:  19.56 kB
.output/server/_libs/tailwind-merge.mjs                                      88.17 kB │ gzip:  15.68 kB
.output/server/_libs/jose.mjs                                                90.96 kB │ gzip:  19.00 kB
.output/server/_libs/es-toolkit.mjs                                          91.77 kB │ gzip:  18.65 kB
.output/server/_libs/postal-mime.mjs                                         91.83 kB │ gzip:  25.68 kB
.output/server/_libs/@dnd-kit/core+[...].mjs                                 92.12 kB │ gzip:  20.64 kB
.output/server/_libs/ioredis__commands.mjs                                  103.82 kB │ gzip:  15.01 kB
.output/server/_libs/pino+[...].mjs                                         108.95 kB │ gzip:  24.52 kB
.output/server/_libs/@tanstack/form-core+[...].mjs                          111.97 kB │ gzip:  20.79 kB
.output/server/_ssr/inbox-page-v2-7vBN1Udo.mjs                              116.56 kB │ gzip:  19.68 kB
.output/server/_ssr/portal-BcsStbPI.mjs                                     155.52 kB │ gzip:  27.23 kB
.output/server/_ssr/ssr.mjs                                                 175.94 kB │ gzip:  47.28 kB
.output/server/_ssr/dist-DrtyEgeT.mjs                                       180.52 kB │ gzip:  31.54 kB
.output/server/_libs/ioredis.mjs                                            181.53 kB │ gzip:  46.28 kB
.output/server/_ssr/compiled-query-CeyQ0xKn.mjs                             219.59 kB │ gzip:  37.00 kB
.output/server/_libs/@opentelemetry/semantic-conventions+[...].mjs          289.43 kB │ gzip:  46.26 kB
.output/server/_libs/drizzle-orm.mjs                                        331.34 kB │ gzip:  68.42 kB
.output/server/_libs/zod.mjs                                                464.99 kB │ gzip:  79.02 kB
.output/server/_ssr/composition-BXIdaFie.mjs                                527.45 kB │ gzip:  99.04 kB
.output/server/_libs/recharts+[...].mjs                                     601.86 kB │ gzip: 120.06 kB
.output/server/_libs/@tanstack/react-router+[...].mjs                       665.62 kB │ gzip: 137.95 kB
.output/server/_ssr/auth-DsGMbEiY.mjs                                       705.69 kB │ gzip: 150.95 kB
.output/server/_libs/@aws-sdk/client-s3+[...].mjs                           730.08 kB │ gzip: 165.29 kB
.output/server/_libs/bullmq+[...].mjs                                     1,139.97 kB │ gzip: 238.13 kB

✓ built in 516ms

(node:16211) [DEP0205] DeprecationWarning: `module.register()` is deprecated. Use `module.registerHooks()` instead.
(Use `node --trace-deprecation ...` to show where the warning was created)
Warning: Route file "/Users/bozhidardenev/kodes/projects/rep-key/src/routes/api/webhooks/gbp/notifications.test.ts" does not export a Route. This file will not be included in the route tree.

If this file is not intended to be a route, you can exclude it using one of these options:
  1. Rename the file to "/Users/bozhidardenev/kodes/projects/rep-key/src/routes/api/webhooks/gbp/-notifications.test.ts" (prefix with "-")
  2. Use 'routeFileIgnorePattern' in your config to match this file

Current configuration:
  routeFileIgnorePrefix: "-"
  routeFileIgnorePattern: undefined
[plugin builtin:vite-reporter] 
(!) Some chunks are larger than 500 kB after minification. Consider:
- Using dynamic import() to code-split the application
- Use build.rolldownOptions.output.codeSplitting to improve chunking: https://rolldown.rs/reference/OutputOptions.codeSplitting
- Adjust chunk size limit for this warning via build.chunkSizeWarningLimit.
[warn] `manualChunks` option is ignored because the `codeSplitting` option is specified.
