$ pnpm audit
started: 2026-07-17T08:34:49.116Z  durationMs: 1737  exit: 1

┌─────────────────────┬────────────────────────────────────────────────────────┐
│ moderate            │ esbuild enables any website to send any requests to    │
│                     │ the development server and read the response           │
├─────────────────────┼────────────────────────────────────────────────────────┤
│ Package             │ esbuild                                                │
├─────────────────────┼────────────────────────────────────────────────────────┤
│ Vulnerable versions │ <=0.24.2                                               │
├─────────────────────┼────────────────────────────────────────────────────────┤
│ Patched versions    │ >=0.25.0                                               │
├─────────────────────┼────────────────────────────────────────────────────────┤
│ Paths               │ . > better-auth@1.6.23 > drizzle-kit@0.31.10 >         │
│                     │ @esbuild-kit/esm-loader@2.6.5 >                        │
│                     │ @esbuild-kit/core-utils@3.3.2 > esbuild@0.18.20        │
│                     │                                                        │
│                     │ . > drizzle-kit@0.31.10 >                              │
│                     │ @esbuild-kit/esm-loader@2.6.5 >                        │
│                     │ @esbuild-kit/core-utils@3.3.2 > esbuild@0.18.20        │
├─────────────────────┼────────────────────────────────────────────────────────┤
│ More info           │ https://github.com/advisories/GHSA-67mh-4wv8-2f99      │
└─────────────────────┴────────────────────────────────────────────────────────┘
┌─────────────────────┬────────────────────────────────────────────────────────┐
│ moderate            │ uuid: Missing buffer bounds check in v3/v5/v6 when buf │
│                     │ is provided                                            │
├─────────────────────┼────────────────────────────────────────────────────────┤
│ Package             │ uuid                                                   │
├─────────────────────┼────────────────────────────────────────────────────────┤
│ Vulnerable versions │ <11.1.1                                                │
├─────────────────────┼────────────────────────────────────────────────────────┤
│ Patched versions    │ >=11.1.1                                               │
├─────────────────────┼────────────────────────────────────────────────────────┤
│ Paths               │ . > @storybook/test-runner@0.24.4 > jest-junit@16.0.0  │
│                     │ > uuid@8.3.2                                           │
│                     │                                                        │
│                     │ . > @storybook/test-runner@0.24.4 > nyc@15.1.0 >       │
│                     │ istanbul-lib-processinfo@2.0.3 > uuid@8.3.2            │
│                     │                                                        │
│                     │ . > @storybook/test-runner@0.24.4 > uuid@8.3.2         │
├─────────────────────┼────────────────────────────────────────────────────────┤
│ More info           │ https://github.com/advisories/GHSA-w5hq-g745-h8pq      │
└─────────────────────┴────────────────────────────────────────────────────────┘
┌─────────────────────┬────────────────────────────────────────────────────────┐
│ moderate            │ launch-editor: NTLMv2 hash disclosure via UNC path     │
│                     │ handling on Windows                                    │
├─────────────────────┼────────────────────────────────────────────────────────┤
│ Package             │ launch-editor                                          │
├─────────────────────┼────────────────────────────────────────────────────────┤
│ Vulnerable versions │ <=2.14.0                                               │
├─────────────────────┼────────────────────────────────────────────────────────┤
│ Patched versions    │ >=2.14.1                                               │
├─────────────────────┼────────────────────────────────────────────────────────┤
│ Paths               │ . > @tanstack/devtools-vite@0.7.0 >                    │
│                     │ launch-editor@2.14.0                                   │
├─────────────────────┼────────────────────────────────────────────────────────┤
│ More info           │ https://github.com/advisories/GHSA-v6wh-96g9-6wx3      │
└─────────────────────┴────────────────────────────────────────────────────────┘
┌─────────────────────┬────────────────────────────────────────────────────────┐
│ low                 │ esbuild allows arbitrary file read when running the    │
│                     │ development server on Windows                          │
├─────────────────────┼────────────────────────────────────────────────────────┤
│ Package             │ esbuild                                                │
├─────────────────────┼────────────────────────────────────────────────────────┤
│ Vulnerable versions │ >=0.27.3 <0.28.1                                       │
├─────────────────────┼────────────────────────────────────────────────────────┤
│ Patched versions    │ >=0.28.1                                               │
├─────────────────────┼────────────────────────────────────────────────────────┤
│ Paths               │ . > @tanstack/react-form@1.33.0 >                      │
│                     │ @tanstack/react-start@1.168.18 >                       │
│                     │ @tanstack/react-start-rsc@0.1.17 >                     │
│                     │ @tanstack/start-plugin-core@1.171.10 >                 │
│                     │ @tanstack/router-plugin@1.168.13 > vite@8.1.4 >        │
│                     │ esbuild@0.27.7                                         │
│                     │                                                        │
│                     │ . > @tanstack/react-form@1.33.0 >                      │
│                     │ @tanstack/react-start@1.168.18 >                       │
│                     │ @tanstack/react-start-rsc@0.1.17 >                     │
│                     │ @tanstack/start-plugin-core@1.171.10 > vitefu@1.1.3 >  │
│                     │ vite@8.1.4 > esbuild@0.27.7                            │
│                     │                                                        │
│                     │ . > @tanstack/react-form@1.33.0 >                      │
│                     │ @tanstack/react-start@1.168.18 >                       │
│                     │ @tanstack/react-start-rsc@0.1.17 >                     │
│                     │ @tanstack/start-plugin-core@1.171.10 > vite@8.1.4 >    │
│                     │ esbuild@0.27.7                                         │
│                     │                                                        │
│                     │ ... Found 178 paths, run `pnpm why esbuild` for more   │
│                     │ information                                            │
├─────────────────────┼────────────────────────────────────────────────────────┤
│ More info           │ https://github.com/advisories/GHSA-g7r4-m6w7-qqqr      │
└─────────────────────┴────────────────────────────────────────────────────────┘
5 vulnerabilities found
Severity: 2 low | 3 moderate

(node:16881) [DEP0169] DeprecationWarning: `url.parse()` behavior is not standardized and prone to errors that have security implications. Use the WHATWG URL API instead. CVEs are not issued for `url.parse()` vulnerabilities.
(Use `node --trace-deprecation ...` to show where the warning was created)
